*** Start analyzing build configuration ***
INFO: Auto-config - Scanning: E:\Konsola rakieta\CRex
INFO: Auto-config - VLOG: E:\Konsola rakieta\CRex
INFO: Auto-config - VHDL: E:\Konsola rakieta\CRex
INFO: Auto-config - Wrote:
    .dvt\default.build.auto.1
*** List of included argument files ***
    Build configuration file:  E:\Konsola rakieta\CRex\.dvt\default.build
    -f e:\Konsola rakieta\CRex\.dvt\default.build.auto.1
*** List of invocations ***
Invocation #1 +dvt_init+dvt in e:\Konsola rakieta\CRex\.dvt\default.build.auto.1 at line 9
*** Done analyzing build configuration [116 ms] ***

*** Start VHDL build ***
*** Done parsing [460 ms] ***
*** Total number of lines [0] ***
Performing post full build step 1 (VHDL - RU) [25 ms] ...
*** Files summary [0 total, 0 unique] ***
*** Done VHDL build [487 ms] ***

*** Start SystemVerilog build ***
*** Invocation #1***
Loading (1) E:\Konsola rakieta\CRex\rtl\top_console.sv ...
Done E:\Konsola rakieta\CRex\rtl\top_console.sv [0 ms, 2 lines, SystemVerilog_2012] ...
*** Done invocation #1 [1 ms] ***
*** Done parsing [LT 0 ms, PT 1 ms] ***
*** Total number of lines [2] ***
Performing post full build actions ...
Performing post full build step 1 (SRI) [1 ms] ...
Performing post full build step 2 (RI) [1 ms] ...
Performing post full build step 3 (RCP) [0 ms] ...
*** Files summary [1 total, 1 unique, 0 optimized] ***
*** Done SystemVerilog build [172 ms] ***

*** Start mixed mode extension build ***
Performing mixed post full build step (VHDL - RU) [5 ms] ...
Performing mixed post full build step (VHDL - RT) [432 ms] ...
Performing mixed post full build step (VLOG - RI) [1 ms] ...
*** Warning: UNSPECIFIED_TOP: Please specify a -top module/entity/configuration in the project build file
Performing mixed post full build step (MIXED - ELAB) [19 ms] ...
Performing mixed post full build step (MIXED - UNEL) [66 ms] ...
Performing mixed post full build step (VHDL - RD) [6 ms] ...
Performing mixed post full build step (VHDL - US) [0 ms] ...
Performing mixed post full build step (VHDL - USBD) [54 ms] ...
Performing mixed post full build step (VLOG - RD) [0 ms] ...
Performing mixed post full build step (VLOG - US) [59 ms] ...
*** Done mixed mode extension build [659 ms] ***
*** Total build time [1s.454ms] ***
